C:\Program Files (x86)\Microsoft Visual Studio\2019\Community\MSBuild\Microsoft\VC\v160\Microsoft.CppBuild.targets(499,5): warning MSB8004: Output Directory does not end with a trailing slash.  This build instance will add the slash as it is required to allow proper evaluation of the Output Directory.
  game.cpp
C:\Users\user\Desktop\Checkers-Kots\Checkers\defines.h(16,13): warning C4244: 'return': conversion from 'double' to 'float', possible loss of data
C:\Users\user\Desktop\Checkers-Kots\Checkers\game.cpp(137,11): warning C4244: 'initializing': conversion from 'int' to 'float', possible loss of data
C:\Users\user\Desktop\Checkers-Kots\Checkers\game.cpp(160,41): warning C4244: 'argument': conversion from 'int' to 'float', possible loss of data
C:\Users\user\Desktop\Checkers-Kots\Checkers\game.cpp(161,41): warning C4244: 'argument': conversion from 'int' to 'float', possible loss of data
  main.cpp
C:\Users\user\Desktop\Checkers-Kots\Checkers\defines.h(16,13): warning C4244: 'return': conversion from 'double' to 'float', possible loss of data
  move.cpp
C:\Users\user\Desktop\Checkers-Kots\Checkers\defines.h(16,13): warning C4244: 'return': conversion from 'double' to 'float', possible loss of data
  pawn.cpp
C:\Users\user\Desktop\Checkers-Kots\Checkers\defines.h(16,13): warning C4244: 'return': conversion from 'double' to 'float', possible loss of data
  util.cpp
C:\Users\user\Desktop\Checkers-Kots\Checkers\defines.h(16,13): warning C4244: 'return': conversion from 'double' to 'float', possible loss of data
C:\Users\user\Desktop\Checkers-Kots\Checkers\util.cpp(10,7): warning C4101: 'message': unreferenced local variable
  Generating Code...
sggd.lib(AudioManager.obj) : warning LNK4099: PDB 'sggd.pdb' was not found with 'sggd.lib(AudioManager.obj)' or at 'C:\Users\user\Desktop\Checkers-Kots\Checkers\bin\sggd.pdb'; linking object as if no debug info
sggd.lib(fonts.obj) : warning LNK4099: PDB 'sggd.pdb' was not found with 'sggd.lib(fonts.obj)' or at 'C:\Users\user\Desktop\Checkers-Kots\Checkers\bin\sggd.pdb'; linking object as if no debug info
sggd.lib(GLbackend.obj) : warning LNK4099: PDB 'sggd.pdb' was not found with 'sggd.lib(GLbackend.obj)' or at 'C:\Users\user\Desktop\Checkers-Kots\Checkers\bin\sggd.pdb'; linking object as if no debug info
sggd.lib(graphics.obj) : warning LNK4099: PDB 'sggd.pdb' was not found with 'sggd.lib(graphics.obj)' or at 'C:\Users\user\Desktop\Checkers-Kots\Checkers\bin\sggd.pdb'; linking object as if no debug info
sggd.lib(lodepng.obj) : warning LNK4099: PDB 'sggd.pdb' was not found with 'sggd.lib(lodepng.obj)' or at 'C:\Users\user\Desktop\Checkers-Kots\Checkers\bin\sggd.pdb'; linking object as if no debug info
sggd.lib(shader.obj) : warning LNK4099: PDB 'sggd.pdb' was not found with 'sggd.lib(shader.obj)' or at 'C:\Users\user\Desktop\Checkers-Kots\Checkers\bin\sggd.pdb'; linking object as if no debug info
sggd.lib(texture.obj) : warning LNK4099: PDB 'sggd.pdb' was not found with 'sggd.lib(texture.obj)' or at 'C:\Users\user\Desktop\Checkers-Kots\Checkers\bin\sggd.pdb'; linking object as if no debug info
  Checkers.vcxproj -> C:\Users\user\Desktop\Checkers-Kots\Checkers\bin\Checkersd.exe
